Arguments: 
  /Users/fer/.nvm/versions/node/v7.8.0/bin/node /Users/fer/.yarn/bin/yarn.js add global vue-cli

PATH: 
  /Users/fer/.yarn/bin:/Users/fer/.nvm/versions/node/v7.8.0/bin:/usr/local/bin:/usr/local/sbin:/usr/bin:/bin:/usr/sbin:/sbin:/Applications/Postgres.app/Contents/Versions/latest/bin

Yarn version: 
  0.23.2

Node version: 
  7.8.0

Platform: 
  darwin x64

npm manifest: 
  No manifest

yarn manifest: 
  No manifest

Lockfile: 
  No lockfile

Trace: 
  Error: connect ETIMEDOUT 104.16.61.173:443
      at Object.exports._errnoException (util.js:1034:11)
      at exports._exceptionWithHostPort (util.js:1057:20)
      at TCPConnectWrap.afterConnect [as oncomplete] (net.js:1096:14)
